wlan0     Scan completed :
          Cell 01 - Address: 94:B4:0F:27:33:43
                    Channel:1
                    Frequency:2.412 GHz (Channel 1)
                    Quality=48/70  Signal level=-62 dBm  
                    Encryption key:off
                    ESSID:"WPI-Open"
                    Bit Rates:1 Mb/s; 2 Mb/s; 5.5 Mb/s; 11 Mb/s; 18 Mb/s
                              24 Mb/s; 36 Mb/s; 54 Mb/s
                    Bit Rates:6 Mb/s; 9 Mb/s; 12 Mb/s; 48 Mb/s
                    Mode:Master
                    Extra:tsf=0000000000000000
                    Extra: Last beacon: 70ms ago
                    IE: Unknown: 00085750492D4F70656E
                    IE: Unknown: 010882840B162430486C
                    IE: Unknown: 030101
                    IE: Unknown: 2A0102
                    IE: Unknown: 32040C121860
                    IE: Unknown: 2D1AAD1917FFFFFF0000000000000000000000000000000000000000
                    IE: Unknown: 3D1601001700000000000000000000000000000000000000
                    IE: Unknown: 4A0E14000A002C01C800140005001900
                    IE: Unknown: 7F080500080000400040
                    IE: Unknown: DD180050F2020101800003A4000027A4000042435E0062322F00
          Cell 02 - Address: 94:B4:0F:27:77:84
                    Channel:1
                    Frequency:2.412 GHz (Channel 1)
                    Quality=40/70  Signal level=-70 dBm  
                    Encryption key:off
                    ESSID:"WPI-Open"
                    Bit Rates:1 Mb/s; 2 Mb/s; 5.5 Mb/s; 11 Mb/s; 18 Mb/s
                              24 Mb/s; 36 Mb/s; 54 Mb/s
                    Bit Rates:6 Mb/s; 9 Mb/s; 12 Mb/s; 48 Mb/s
                    Mode:Master
                    Extra:tsf=0000000000000000
                    Extra: Last beacon: 70ms ago
                    IE: Unknown: 00085750492D4F70656E
                    IE: Unknown: 010882840B162430486C
                    IE: Unknown: 030101
                    IE: Unknown: 050400010000
                    IE: Unknown: 2A0100
                    IE: Unknown: 32040C121860
                    IE: Unknown: 2D1AAD1917FFFFFF0000000000000000000000000000000000000000
                    IE: Unknown: 3D1601080400000000000000000000000000000000000000
                    IE: Unknown: 4A0E14000A002C01C800140005001900
                    IE: Unknown: 7F080500080000400040
                    IE: Unknown: DD07000B860104080C
                    IE: Unknown: DD180050F2020101800003A4000027A4000042435E0062322F00
          Cell 03 - Address: A0:D3:C1:DA:C5:FC
                    Channel:6
                    Frequency:2.437 GHz (Channel 6)
                    Quality=34/70  Signal level=-76 dBm  
                    Encryption key:on
                    ESSID:"HP-Print-FC-Officejet Pro 8600"
                    Bit Rates:1 Mb/s; 2 Mb/s; 5.5 Mb/s; 11 Mb/s; 6 Mb/s
                              9 Mb/s; 12 Mb/s; 18 Mb/s
                    Bit Rates:24 Mb/s; 36 Mb/s; 48 Mb/s; 54 Mb/s
                    Mode:Master
                    Extra:tsf=0000000000000000
                    Extra: Last beacon: 70ms ago
                    IE: Unknown: 001E48502D5072696E742D46432D4F66666963656A65742050726F2038363030
                    IE: Unknown: 010882848B960C121824
                    IE: Unknown: 030106
                    IE: Unknown: 2A0100
                    IE: IEEE 802.11i/WPA2 Version 1
                        Group Cipher : CCMP
                        Pairwise Ciphers (1) : CCMP
                        Authentication Suites (1) : PSK
                    IE: Unknown: 32043048606C
                    IE: Unknown: DD180050F2020101800003A4000027A4000042435E0062322F00
          Cell 04 - Address: 94:B4:0F:27:78:82
                    Channel:6
                    Frequency:2.437 GHz (Channel 6)
                    Quality=53/70  Signal level=-57 dBm  
                    Encryption key:on
                    ESSID:"eduroam"
                    Bit Rates:12 Mb/s; 18 Mb/s; 24 Mb/s; 36 Mb/s; 48 Mb/s
                              54 Mb/s
                    Mode:Master
                    Extra:tsf=0000000000000000
                    Extra: Last beacon: 70ms ago
                    IE: Unknown: 0007656475726F616D
                    IE: Unknown: 010698243048606C
                    IE: Unknown: 030106
                    IE: Unknown: 2A0100
                    IE: IEEE 802.11i/WPA2 Version 1
                        Group Cipher : CCMP
                        Pairwise Ciphers (1) : CCMP
                        Authentication Suites (1) : 802.1x
                    IE: Unknown: 0B0500003B1964
                    IE: Unknown: 2D1AAD1917FFFFFF0000000000000000000000000000000000000000
                    IE: Unknown: 3D1606081500000000000000000000000000000000000000
                    IE: Unknown: 4A0E14000A002C01C800140005001900
                    IE: Unknown: 7F080500080000400040
                    IE: Unknown: DD180050F2020101800003A4000027A4000042435E0062322F00
          Cell 05 - Address: 94:B4:0F:27:78:84
                    Channel:6
                    Frequency:2.437 GHz (Channel 6)
                    Quality=51/70  Signal level=-59 dBm  
                    Encryption key:off
                    ESSID:"WPI-Open"
                    Bit Rates:1 Mb/s; 2 Mb/s; 5.5 Mb/s; 11 Mb/s; 18 Mb/s
                              24 Mb/s; 36 Mb/s; 54 Mb/s
                    Bit Rates:6 Mb/s; 9 Mb/s; 12 Mb/s; 48 Mb/s
                    Mode:Master
                    Extra:tsf=0000000000000000
                    Extra: Last beacon: 70ms ago
                    IE: Unknown: 00085750492D4F70656E
                    IE: Unknown: 010882840B162430486C
                    IE: Unknown: 030106
                    IE: Unknown: 050400010000
                    IE: Unknown: 2A0100
                    IE: Unknown: 32040C121860
                    IE: Unknown: 2D1AAD1917FFFFFF0000000000000000000000000000000000000000
                    IE: Unknown: 3D1606081500000000000000000000000000000000000000
                    IE: Unknown: 4A0E14000A002C01C800140005001900
                    IE: Unknown: 7F080500080000400040
                    IE: Unknown: DD07000B860104080C
                    IE: Unknown: DD180050F2020101800003A4000027A4000042435E0062322F00
          Cell 06 - Address: 94:B4:0F:27:33:03
                    Channel:6
                    Frequency:2.437 GHz (Channel 6)
                    Quality=37/70  Signal level=-73 dBm  
                    Encryption key:off
                    ESSID:"WPI-Open"
                    Bit Rates:1 Mb/s; 2 Mb/s; 5.5 Mb/s; 11 Mb/s; 18 Mb/s
                              24 Mb/s; 36 Mb/s; 54 Mb/s
                    Bit Rates:6 Mb/s; 9 Mb/s; 12 Mb/s; 48 Mb/s
                    Mode:Master
                    Extra:tsf=0000000000000000
                    Extra: Last beacon: 70ms ago
                    IE: Unknown: 00085750492D4F70656E
                    IE: Unknown: 010882840B162430486C
                    IE: Unknown: 030106
                    IE: Unknown: 2A0100
                    IE: Unknown: 32040C121860
                    IE: Unknown: 2D1AAD1917FFFFFF0000000000000000000000000000000000000000
                    IE: Unknown: 3D1606081100000000000000000000000000000000000000
                    IE: Unknown: 4A0E14000A002C01C800140005001900
                    IE: Unknown: 7F080500080000400040
                    IE: Unknown: DD180050F2020101800003A4000027A4000042435E0062322F00
          Cell 07 - Address: 94:B4:0F:27:0D:04
                    Channel:11
                    Frequency:2.462 GHz (Channel 11)
                    Quality=35/70  Signal level=-75 dBm  
                    Encryption key:off
                    ESSID:"WPI-Open"
                    Bit Rates:1 Mb/s; 2 Mb/s; 5.5 Mb/s; 11 Mb/s; 18 Mb/s
                              24 Mb/s; 36 Mb/s; 54 Mb/s
                    Bit Rates:6 Mb/s; 9 Mb/s; 12 Mb/s; 48 Mb/s
                    Mode:Master
                    Extra:tsf=0000000000000000
                    Extra: Last beacon: 70ms ago
                    IE: Unknown: 00085750492D4F70656E
                    IE: Unknown: 010882840B162430486C
                    IE: Unknown: 03010B
                    IE: Unknown: 050400010000
                    IE: Unknown: 2A0102
                    IE: Unknown: 32040C121860
                    IE: Unknown: 2D1AAD1917FFFFFF0000000000000000000000000000000000000000
                    IE: Unknown: 3D160B001300000000000000000000000000000000000000
                    IE: Unknown: 4A0E14000A002C01C800140005001900
                    IE: Unknown: 7F080500080000400040
                    IE: Unknown: DD07000B860104080A
                    IE: Unknown: DD180050F2020101800003A4000027A4000042435E0062322F00
          Cell 08 - Address: 94:B4:0F:27:78:43
                    Channel:11
                    Frequency:2.462 GHz (Channel 11)
                    Quality=34/70  Signal level=-76 dBm  
                    Encryption key:off
                    ESSID:"WPI-Open"
                    Bit Rates:1 Mb/s; 2 Mb/s; 5.5 Mb/s; 11 Mb/s; 18 Mb/s
                              24 Mb/s; 36 Mb/s; 54 Mb/s
                    Bit Rates:6 Mb/s; 9 Mb/s; 12 Mb/s; 48 Mb/s
                    Mode:Master
                    Extra:tsf=0000000000000000
                    Extra: Last beacon: 70ms ago
                    IE: Unknown: 00085750492D4F70656E
                    IE: Unknown: 010882840B162430486C
                    IE: Unknown: 03010B
                    IE: Unknown: 2A0102
                    IE: Unknown: 32040C121860
                    IE: Unknown: 2D1AAD1917FFFFFF0000000000000000000000000000000000000000
                    IE: Unknown: 3D160B001700000000000000000000000000000000000000
                    IE: Unknown: 4A0E14000A002C01C800140005001900
                    IE: Unknown: 7F080500080000400040
                    IE: Unknown: DD180050F2020101800003A4000027A4000042435E0062322F00
          Cell 09 - Address: 94:B4:0F:27:0D:02
                    Channel:11
                    Frequency:2.462 GHz (Channel 11)
                    Quality=32/70  Signal level=-78 dBm  
                    Encryption key:on
                    ESSID:"eduroam"
                    Bit Rates:12 Mb/s; 18 Mb/s; 24 Mb/s; 36 Mb/s; 48 Mb/s
                              54 Mb/s
                    Mode:Master
                    Extra:tsf=0000000000000000
                    Extra: Last beacon: 70ms ago
                    IE: Unknown: 0007656475726F616D
                    IE: Unknown: 010698243048606C
                    IE: Unknown: 03010B
                    IE: Unknown: 2A0102
                    IE: IEEE 802.11i/WPA2 Version 1
                        Group Cipher : CCMP
                        Pairwise Ciphers (1) : CCMP
                        Authentication Suites (1) : 802.1x
                    IE: Unknown: 0B05000039E062
                    IE: Unknown: 2D1AAD1917FFFFFF0000000000000000000000000000000000000000
                    IE: Unknown: 3D160B001300000000000000000000000000000000000000
                    IE: Unknown: 4A0E14000A002C01C800140005001900
                    IE: Unknown: 7F080500080000400040
                    IE: Unknown: DD180050F2020101800003A4000027A4000042435E0062322F00
          Cell 10 - Address: 94:B4:0F:27:77:80
                    Channel:1
                    Frequency:2.412 GHz (Channel 1)
                    Quality=43/70  Signal level=-67 dBm  
                    Encryption key:on
                    ESSID:"WPI-Wireless"
                    Bit Rates:12 Mb/s; 18 Mb/s; 24 Mb/s; 36 Mb/s; 48 Mb/s
                              54 Mb/s
                    Mode:Master
                    Extra:tsf=0000000000000000
                    Extra: Last beacon: 70ms ago
                    IE: Unknown: 000C5750492D576972656C657373
                    IE: Unknown: 010698243048606C
                    IE: Unknown: 030101
                    IE: Unknown: 050400010000
                    IE: Unknown: 2A0100
                    IE: IEEE 802.11i/WPA2 Version 1
                        Group Cipher : CCMP
                        Pairwise Ciphers (1) : CCMP
                        Authentication Suites (1) : 802.1x
                    IE: Unknown: 0B0502000BBF72
                    IE: Unknown: 2D1AAD1917FFFFFF0000000000000000000000000000000000000000
                    IE: Unknown: 3D1601080400000000000000000000000000000000000000
                    IE: Unknown: 4A0E14000A002C01C800140005001900
                    IE: Unknown: 7F080500080000400040
                    IE: Unknown: DD07000B860104080C
                    IE: Unknown: DD0F000B86010300616B2D313030642D62
                    IE: Unknown: DD180050F2020101800003A4000027A4000042435E0062322F00
          Cell 11 - Address: 94:B4:0F:27:77:82
                    Channel:1
                    Frequency:2.412 GHz (Channel 1)
                    Quality=43/70  Signal level=-67 dBm  
                    Encryption key:on
                    ESSID:"eduroam"
                    Bit Rates:12 Mb/s; 18 Mb/s; 24 Mb/s; 36 Mb/s; 48 Mb/s
                              54 Mb/s
                    Mode:Master
                    Extra:tsf=0000000000000000
                    Extra: Last beacon: 70ms ago
                    IE: Unknown: 0007656475726F616D
                    IE: Unknown: 010698243048606C
                    IE: Unknown: 030101
                    IE: Unknown: 050400010000
                    IE: Unknown: 2A0100
                    IE: IEEE 802.11i/WPA2 Version 1
                        Group Cipher : CCMP
                        Pairwise Ciphers (1) : CCMP
                        Authentication Suites (1) : 802.1x
                    IE: Unknown: 0B0500000BBF72
                    IE: Unknown: 2D1AAD1917FFFFFF0000000000000000000000000000000000000000
                    IE: Unknown: 3D1601080400000000000000000000000000000000000000
                    IE: Unknown: 4A0E14000A002C01C800140005001900
                    IE: Unknown: 7F080500080000400040
                    IE: Unknown: DD07000B860104080C
                    IE: Unknown: DD0F000B86010300616B2D313030642D62
                    IE: Unknown: DD180050F2020101800003A4000027A4000042435E0062322F00
          Cell 12 - Address: 94:B4:0F:27:78:80
                    Channel:6
                    Frequency:2.437 GHz (Channel 6)
                    Quality=50/70  Signal level=-60 dBm  
                    Encryption key:on
                    ESSID:"WPI-Wireless"
                    Bit Rates:12 Mb/s; 18 Mb/s; 24 Mb/s; 36 Mb/s; 48 Mb/s
                              54 Mb/s
                    Mode:Master
                    Extra:tsf=0000000000000000
                    Extra: Last beacon: 70ms ago
                    IE: Unknown: 000C5750492D576972656C657373
                    IE: Unknown: 010698243048606C
                    IE: Unknown: 030106
                    IE: Unknown: 2A0100
                    IE: IEEE 802.11i/WPA2 Version 1
                        Group Cipher : CCMP
                        Pairwise Ciphers (1) : CCMP
                        Authentication Suites (1) : 802.1x
                    IE: Unknown: 0B0501003B1964
                    IE: Unknown: 2D1AAD1917FFFFFF0000000000000000000000000000000000000000
                    IE: Unknown: 3D1606081500000000000000000000000000000000000000
                    IE: Unknown: 4A0E14000A002C01C800140005001900
                    IE: Unknown: 7F080500080000400040
                    IE: Unknown: DD180050F2020101800003A4000027A4000042435E0062322F00
          Cell 13 - Address: 94:B4:0F:27:0E:23
                    Channel:6
                    Frequency:2.437 GHz (Channel 6)
                    Quality=25/70  Signal level=-85 dBm  
                    Encryption key:off
                    ESSID:"WPI-Open"
                    Bit Rates:1 Mb/s; 2 Mb/s; 5.5 Mb/s; 11 Mb/s; 18 Mb/s
                              24 Mb/s; 36 Mb/s; 54 Mb/s
                    Bit Rates:6 Mb/s; 9 Mb/s; 12 Mb/s; 48 Mb/s
                    Mode:Master
                    Extra:tsf=0000000000000000
                    Extra: Last beacon: 70ms ago
                    IE: Unknown: 00085750492D4F70656E
                    IE: Unknown: 010882840B162430486C
                    IE: Unknown: 030106
                    IE: Unknown: 2A0100
                    IE: Unknown: 32040C121860
                    IE: Unknown: 2D1AAD1917FFFFFF0000000000000000000000000000000000000000
                    IE: Unknown: 3D1606081500000000000000000000000000000000000000
                    IE: Unknown: 4A0E14000A002C01C800140005001900
                    IE: Unknown: 7F080500080000400040
                    IE: Unknown: DD180050F2020101800003A4000027A4000042435E0062322F00
          Cell 14 - Address: 94:B4:0F:27:4B:A2
                    Channel:11
                    Frequency:2.462 GHz (Channel 11)
                    Quality=30/70  Signal level=-80 dBm  
                    Encryption key:off
                    ESSID:"WPI-Open"
                    Bit Rates:1 Mb/s; 2 Mb/s; 5.5 Mb/s; 11 Mb/s; 18 Mb/s
                              24 Mb/s; 36 Mb/s; 54 Mb/s
                    Bit Rates:6 Mb/s; 9 Mb/s; 12 Mb/s; 48 Mb/s
                    Mode:Master
                    Extra:tsf=0000000000000000
                    Extra: Last beacon: 70ms ago
                    IE: Unknown: 00085750492D4F70656E
                    IE: Unknown: 010882840B162430486C
                    IE: Unknown: 03010B
                    IE: Unknown: 2A0102
                    IE: Unknown: 32040C121860
                    IE: Unknown: 2D1AAD1917FFFFFF0000000000000000000000000000000000000000
                    IE: Unknown: 3D160B001300000000000000000000000000000000000000
                    IE: Unknown: 4A0E14000A002C01C800140005001900
                    IE: Unknown: 7F080500080000400040
                    IE: Unknown: DD180050F2020101800003A4000027A4000042435E0062322F00

